<?xml version="1.0" encoding="UTF-8" ?>
<testsuite tests="1" failures="0" name="com.youku.cases.SearchTest" time="5.263" errors="1" skipped="0">
  <properties>
[...]
</properties>
  <testcase classname="com.youku.cases.SearchTest" name="test_case_1" time="5.263">
    <error message="syntax error, pos 1, json : Internal Server Error" type="com.alibaba.fastjson.JSONException">com.alibaba.fastjson.JSONException: syntax error, pos 1, json : Internal Server Error
	at com.alibaba.fastjson.parser.DefaultJSONParser.parse(DefaultJSONParser.java:1361)
	at com.alibaba.fastjson.parser.DefaultJSONParser.parse(DefaultJSONParser.java:1268)
	at com.alibaba.fastjson.JSON.parse(JSON.java:137)
	at com.alibaba.fastjson.JSON.parse(JSON.java:128)
	at com.alibaba.fastjson.JSON.parseObject(JSON.java:201)
	at macaca.client.common.Utils.postRequest(Utils.java:117)
	at macaca.client.common.Utils.request(Utils.java:157)
	at macaca.client.commands.Session.createSession(Session.java:35)
	at macaca.client.MacacaClient.initDriver(MacacaClient.java:1165)
	at com.youku.cases.BaseTest.setUp(BaseTest.java:61)
	at sun.reflect.NativeMethodAccessorImpl.invoke0(Native Method)
	at sun.reflect.NativeMethodAccessorImpl.invoke(NativeMethodAccessorImpl.java:62)
	at sun.reflect.DelegatingMethodAccessorImpl.invoke(DelegatingMethodAccessorImpl.java:43)
	at java.lang.reflect.Method.invoke(Method.java:498)
	at org.junit.runners.model.FrameworkMethod$1.runReflectiveCall(FrameworkMethod.java:50)
	at org.junit.internal.runners.model.ReflectiveCallable.run(ReflectiveCallable.java:12)
	at org.junit.runners.model.FrameworkMethod.invokeExplosively(FrameworkMethod.java:47)
	at org.junit.internal.runners.statements.RunBefores.evaluate(RunBefores.java:24)
	at org.junit.internal.runners.statements.RunAfters.evaluate(RunAfters.java:27)
	at org.junit.runners.ParentRunner.runLeaf(ParentRunner.java:325)
	at org.junit.runners.BlockJUnit4ClassRunner.runChild(BlockJUnit4ClassRunner.java:78)
	at org.junit.runners.BlockJUnit4ClassRunner.runChild(BlockJUnit4ClassRunner.java:57)
	at org.junit.runners.ParentRunner$3.run(ParentRunner.java:290)
	at org.junit.runners.ParentRunner$1.schedule(ParentRunner.java:71)
	at org.junit.runners.ParentRunner.runChildren(ParentRunner.java:288)
	at org.junit.runners.ParentRunner.access$000(ParentRunner.java:58)
	at org.junit.runners.ParentRunner$2.evaluate(ParentRunner.java:268)
	at org.junit.runners.ParentRunner.run(ParentRunner.java:363)
	at org.apache.maven.surefire.junit4.JUnit4Provider.execute(JUnit4Provider.java:252)
	at org.apache.maven.surefire.junit4.JUnit4Provider.executeTestSet(JUnit4Provider.java:141)
	at org.apache.maven.surefire.junit4.JUnit4Provider.invoke(JUnit4Provider.java:112)
	at sun.reflect.NativeMethodAccessorImpl.invoke0(Native Method)
	at sun.reflect.NativeMethodAccessorImpl.invoke(NativeMethodAccessorImpl.java:62)
	at sun.reflect.DelegatingMethodAccessorImpl.invoke(DelegatingMethodAccessorImpl.java:43)
	at java.lang.reflect.Method.invoke(Method.java:498)
	at org.apache.maven.surefire.util.ReflectionUtils.invokeMethodWithArray(ReflectionUtils.java:189)
	at org.apache.maven.surefire.booter.ProviderFactory$ProviderProxy.invoke(ProviderFactory.java:165)
	at org.apache.maven.surefire.booter.ProviderFactory.invokeProvider(ProviderFactory.java:85)
	at org.apache.maven.surefire.booter.ForkedBooter.runSuitesInProcess(ForkedBooter.java:115)
	at org.apache.maven.surefire.booter.ForkedBooter.main(ForkedBooter.java:75)
</error>
    <system-out>2017-05-03 14:28:03,执行系统命令|/usr/local/bin/ideviceinstaller -u 85e50da76734aeb36e353c8181e54ce169ec8b00 -i /Users/roger/Documents/workspace/autoui/app/YoukuHD-NG-Release.ipa

{&quot;desiredCapabilities&quot;:{&quot;reuse&quot;:&quot;3&quot;,&quot;bundleId&quot;:&quot;com.youku.hd&quot;,&quot;platformName&quot;:&quot;iOS&quot;,&quot;udid&quot;:&quot;85e50da76734aeb36e353c8181e54ce169ec8b00&quot;}}2017-05-03 14:28:03 Request:http://localhost:3456/wd/hub/session:{&quot;desiredCapabilities&quot;:{&quot;reuse&quot;:&quot;3&quot;,&quot;bundleId&quot;:&quot;com.youku.hd&quot;,&quot;platformName&quot;:&quot;iOS&quot;,&quot;udid&quot;:&quot;85e50da76734aeb36e353c8181e54ce169ec8b00&quot;}}
2017-05-03 14:28:09 Response:Internal Server Error
2017-05-03 14:28:09,quit fail|false||3001

2017-05-03 14:28:09,quit fail|false||3001

</system-out>
  </testcase>
</testsuite>